<?xml version="1.0" encoding="UTF-8"?>
<!-- Generated by org.testng.reporters.JUnitXMLReporter -->
<testsuite ignored="0" hostname="Anamika" failures="0" tests="6" name="Default test" time="85.542" errors="0" timestamp="2022-09-26T01:20:30 SAST">
  <testcase classname="package1.NewTest" name="TitleOfPage" time="0.124"/>
  <testcase classname="package1.NewTest" name="Screenshot" time="1.365"/>
  <testcase classname="package1.NewTest" name="Maximize" time="0.295"/>
  <testcase classname="package1.NewTest" name="LoginAndLogout" time="32.605"/>
  <testcase classname="package1.NewTest" name="FillForm" time="10.312"/>
  <testcase classname="package1.NewTest" name="FakePricingPage" time="14.261"/>
</testsuite> <!-- Default test -->
