<?xml version="1.0" encoding="UTF-8"?>
<!-- Generated by org.testng.reporters.JUnitXMLReporter -->
<testsuite ignored="0" hostname="Anamika" failures="0" tests="6" name="Test" time="59.952" errors="0" timestamp="2022-09-23T15:41:09 SAST">
  <testcase classname="package1.NewTest" name="TitleOfPage" time="0.053"/>
  <testcase classname="package1.NewTest" name="Screenshot" time="0.391"/>
  <testcase classname="package1.NewTest" name="Maximize" time="0.136"/>
  <testcase classname="package1.NewTest" name="LoginAndLogout" time="28.46"/>
  <testcase classname="package1.NewTest" name="FillForm" time="6.204"/>
  <testcase classname="package1.NewTest" name="FakePricingPage" time="12.742"/>
</testsuite> <!-- Test -->
